[debug] [2018-09-10T05:37:24.494Z] ----------------------------------------------------------------------
[debug] [2018-09-10T05:37:24.496Z] Command:       /usr/local/bin/node /usr/local/bin/firebase serve
[debug] [2018-09-10T05:37:24.496Z] CLI Version:   4.2.1
[debug] [2018-09-10T05:37:24.496Z] Platform:      darwin
[debug] [2018-09-10T05:37:24.496Z] Node Version:  v8.11.4
[debug] [2018-09-10T05:37:24.497Z] Time:          Sun Sep 09 2018 22:37:24 GMT-0700 (PDT)
[debug] [2018-09-10T05:37:24.497Z] ----------------------------------------------------------------------
[debug] 
[debug] [2018-09-10T05:37:24.506Z] > command requires scopes: ["email","openid","https://www.googleapis.com/auth/cloudplatformprojects.readonly","https://www.googleapis.com/auth/firebase","https://www.googleapis.com/auth/cloud-platform"]
[debug] [2018-09-10T05:37:24.506Z] > authorizing via signed-in user
[debug] [2018-09-10T05:37:24.508Z] > refreshing access token with scopes: ["email","https://www.googleapis.com/auth/cloud-platform","https://www.googleapis.com/auth/cloudplatformprojects.readonly","https://www.googleapis.com/auth/firebase","openid"]
[debug] [2018-09-10T05:37:24.508Z] >>> HTTP REQUEST POST https://www.googleapis.com/oauth2/v3/token  

[debug] [2018-09-10T05:37:24.904Z] <<< HTTP RESPONSE 200
[debug] [2018-09-10T05:37:24.916Z] >>> HTTP REQUEST GET https://admin.firebase.com/v1/projects/muse-recipe-book  
 
[debug] [2018-09-10T05:37:25.369Z] <<< HTTP RESPONSE 200
[debug] [2018-09-10T05:37:25.370Z] >>> HTTP REQUEST GET https://cloudresourcemanager.googleapis.com/v1/projects/muse-recipe-book  
 
[debug] [2018-09-10T05:37:25.879Z] <<< HTTP RESPONSE 200
[info] 
[info] === Serving from '/Users/Isaac/Desktop/Atom_Projects/Application'...
[info] 
[debug] [2018-09-10T05:37:26.901Z] Error: EACCES: permission denied, mkdir '/usr/local/lib/node_modules/firebase-tools/node_modules/@google-cloud/functions-emulator/logs'
    at Object.fs.mkdirSync (fs.js:885:18)
    at Object.assertLogsPath (/usr/local/lib/node_modules/firebase-tools/node_modules/@google-cloud/functions-emulator/src/emulator/logs.js:65:10)
    at new Controller (/usr/local/lib/node_modules/firebase-tools/node_modules/@google-cloud/functions-emulator/src/cli/controller.js:77:32)
    at FunctionsEmulator.start (/usr/local/lib/node_modules/firebase-tools/lib/functionsEmulator.js:113:21)
    at Object.start (/usr/local/lib/node_modules/firebase-tools/lib/serve/functions.js:9:29)
    at /usr/local/lib/node_modules/firebase-tools/lib/serve/index.js:17:21
    at arrayMap (/usr/local/lib/node_modules/firebase-tools/node_modules/lodash/lodash.js:639:23)
    at Function.map (/usr/local/lib/node_modules/firebase-tools/node_modules/lodash/lodash.js:9554:14)
    at _serve (/usr/local/lib/node_modules/firebase-tools/lib/serve/index.js:15:7)
    at Command._action (/usr/local/lib/node_modules/firebase-tools/commands/serve.js:48:12)
[error] 
[error] Error: An unexpected error has occurred.
